2025-08-29 21:39:52,418 [DEBUG] main: Loading environment variables and initializing database
2025-08-29 21:39:52,418 [DEBUG] functions: Creating database and ensuring tables exist
2025-08-29 21:39:52,418 [INFO] functions: Database initialized
2025-08-29 21:39:52,418 [DEBUG] main: Application created with upload root c:\Users\Liam\programmings filer\python\JK utbildnings intyg\uploads
2025-08-29 21:39:52,447 [INFO] werkzeug: [31m[1mWARNING: This is a development server. Do not use it in a production deployment. Use a production WSGI server instead.[0m
 * Running on http://127.0.0.1:5000
2025-08-29 21:39:52,447 [INFO] werkzeug: [33mPress CTRL+C to quit[0m
2025-08-29 21:42:34,806 [DEBUG] main: Loading environment variables and initializing database
2025-08-29 21:42:34,827 [DEBUG] functions: Creating database and ensuring tables exist
2025-08-29 21:42:34,827 [INFO] functions: Database initialized
2025-08-29 21:42:34,827 [DEBUG] main: Application created with upload root C:\Users\Liam\programmings filer\python\JK utbildnings intyg\uploads
2025-08-29 21:42:34,832 [INFO] waitress: Serving on http://0.0.0.0:8080
2025-08-29 21:42:51,349 [DEBUG] main: Rendering home page
2025-08-29 21:42:51,433 [WARNING] main: Page not found: /favicon.ico
2025-08-29 21:42:54,045 [ERROR] main: Exception on /error [GET]
Traceback (most recent call last):
  File "C:\Users\Liam\Python\py3.11.3\Lib\site-packages\flask\app.py", line 2190, in wsgi_app
    response = self.full_dispatch_request()
               ^^^^^^^^^^^^^^^^^^^^^^^^^^^^
  File "C:\Users\Liam\Python\py3.11.3\Lib\site-packages\flask\app.py", line 1486, in full_dispatch_request
    rv = self.handle_user_exception(e)
         ^^^^^^^^^^^^^^^^^^^^^^^^^^^^^
  File "C:\Users\Liam\Python\py3.11.3\Lib\site-packages\flask\app.py", line 1484, in full_dispatch_request
    rv = self.dispatch_request()
         ^^^^^^^^^^^^^^^^^^^^^^^
  File "C:\Users\Liam\Python\py3.11.3\Lib\site-packages\flask\app.py", line 1469, in dispatch_request
    return self.ensure_sync(self.view_functions[rule.endpoint])(**view_args)
           ^^^^^^^^^^^^^^^^^^^^^^^^^^^^^^^^^^^^^^^^^^^^^^^^^^^^^^^^^^^^^^^^^
  File "C:\Users\Liam\programmings filer\python\JK utbildnings intyg\main.py", line 267, in error
    raise Exception("Testing 500 error page")
Exception: Testing 500 error page
2025-08-29 21:42:54,053 [ERROR] waitress: Exception while serving /error
Traceback (most recent call last):
  File "C:\Users\Liam\Python\py3.11.3\Lib\site-packages\flask\app.py", line 2190, in wsgi_app
    response = self.full_dispatch_request()
               ^^^^^^^^^^^^^^^^^^^^^^^^^^^^
  File "C:\Users\Liam\Python\py3.11.3\Lib\site-packages\flask\app.py", line 1486, in full_dispatch_request
    rv = self.handle_user_exception(e)
         ^^^^^^^^^^^^^^^^^^^^^^^^^^^^^
  File "C:\Users\Liam\Python\py3.11.3\Lib\site-packages\flask\app.py", line 1484, in full_dispatch_request
    rv = self.dispatch_request()
         ^^^^^^^^^^^^^^^^^^^^^^^
  File "C:\Users\Liam\Python\py3.11.3\Lib\site-packages\flask\app.py", line 1469, in dispatch_request
    return self.ensure_sync(self.view_functions[rule.endpoint])(**view_args)
           ^^^^^^^^^^^^^^^^^^^^^^^^^^^^^^^^^^^^^^^^^^^^^^^^^^^^^^^^^^^^^^^^^
  File "C:\Users\Liam\programmings filer\python\JK utbildnings intyg\main.py", line 267, in error
    raise Exception("Testing 500 error page")
Exception: Testing 500 error page

During handling of the above exception, another exception occurred:

Traceback (most recent call last):
  File "C:\Users\Liam\Python\py3.11.3\Lib\site-packages\waitress\channel.py", line 430, in service
    task.service()
  File "C:\Users\Liam\Python\py3.11.3\Lib\site-packages\waitress\task.py", line 167, in service
    self.execute()
  File "C:\Users\Liam\Python\py3.11.3\Lib\site-packages\waitress\task.py", line 435, in execute
    app_iter = self.channel.server.application(environ, start_response)
               ^^^^^^^^^^^^^^^^^^^^^^^^^^^^^^^^^^^^^^^^^^^^^^^^^^^^^^^^
  File "C:\Users\Liam\Python\py3.11.3\Lib\site-packages\waitress\proxy_headers.py", line 64, in translate_proxy_headers
    return app(environ, start_response)
           ^^^^^^^^^^^^^^^^^^^^^^^^^^^^
  File "C:\Users\Liam\Python\py3.11.3\Lib\site-packages\flask\app.py", line 2213, in __call__
    return self.wsgi_app(environ, start_response)
           ^^^^^^^^^^^^^^^^^^^^^^^^^^^^^^^^^^^^^^
  File "C:\Users\Liam\Python\py3.11.3\Lib\site-packages\flask\app.py", line 2193, in wsgi_app
    response = self.handle_exception(e)
               ^^^^^^^^^^^^^^^^^^^^^^^^
  File "C:\Users\Liam\Python\py3.11.3\Lib\site-packages\flask\app.py", line 1399, in handle_exception
    server_error = self.ensure_sync(handler)(server_error)
                   ^^^^^^^^^^^^^^^^^^^^^^^^^^^^^^^^^^^^^^^
  File "C:\Users\Liam\programmings filer\python\JK utbildnings intyg\main.py", line 302, in internal_server_error
    return render_template('500.html', time=time.time()), 500
           ^^^^^^^^^^^^^^^^^^^^^^^^^^^^^^^^^^^^^^^^^^^^^
  File "C:\Users\Liam\Python\py3.11.3\Lib\site-packages\flask\templating.py", line 150, in render_template
    template = app.jinja_env.get_or_select_template(template_name_or_list)
               ^^^^^^^^^^^^^^^^^^^^^^^^^^^^^^^^^^^^^^^^^^^^^^^^^^^^^^^^^^^
  File "C:\Users\Liam\Python\py3.11.3\Lib\site-packages\jinja2\environment.py", line 1087, in get_or_select_template
    return self.get_template(template_name_or_list, parent, globals)
           ^^^^^^^^^^^^^^^^^^^^^^^^^^^^^^^^^^^^^^^^^^^^^^^^^^^^^^^^^
  File "C:\Users\Liam\Python\py3.11.3\Lib\site-packages\jinja2\environment.py", line 1016, in get_template
    return self._load_template(name, globals)
           ^^^^^^^^^^^^^^^^^^^^^^^^^^^^^^^^^^
  File "C:\Users\Liam\Python\py3.11.3\Lib\site-packages\jinja2\environment.py", line 975, in _load_template
    template = self.loader.load(self, name, self.make_globals(globals))
               ^^^^^^^^^^^^^^^^^^^^^^^^^^^^^^^^^^^^^^^^^^^^^^^^^^^^^^^^
  File "C:\Users\Liam\Python\py3.11.3\Lib\site-packages\jinja2\loaders.py", line 138, in load
    code = environment.compile(source, name, filename)
           ^^^^^^^^^^^^^^^^^^^^^^^^^^^^^^^^^^^^^^^^^^^
  File "C:\Users\Liam\Python\py3.11.3\Lib\site-packages\jinja2\environment.py", line 771, in compile
    self.handle_exception(source=source_hint)
  File "C:\Users\Liam\Python\py3.11.3\Lib\site-packages\jinja2\environment.py", line 942, in handle_exception
    raise rewrite_traceback_stack(source=source)
  File "C:\Users\Liam\programmings filer\python\JK utbildnings intyg\templates\500.html", line 7, in template
    <p>Tidpunkt för felet: <strong>{{ time | datetimeformat('%Y-%m-%d %H:%M:%S') }}</strong></p>
    ^^^^^^^^^^^^^^^^^^^^^^^^
jinja2.exceptions.TemplateAssertionError: No filter named 'datetimeformat'.
2025-08-29 21:44:13,471 [DEBUG] main: Loading environment variables and initializing database
2025-08-29 21:44:13,471 [DEBUG] functions: Creating database and ensuring tables exist
2025-08-29 21:44:13,478 [INFO] functions: Database initialized
2025-08-29 21:44:13,478 [DEBUG] main: Application created with upload root C:\Users\Liam\programmings filer\python\JK utbildnings intyg\uploads
2025-08-29 21:44:13,478 [INFO] waitress: Serving on http://0.0.0.0:8080
2025-08-29 21:44:14,218 [ERROR] main: Exception on /error [GET]
Traceback (most recent call last):
  File "C:\Users\Liam\Python\py3.11.3\Lib\site-packages\flask\app.py", line 2190, in wsgi_app
    response = self.full_dispatch_request()
               ^^^^^^^^^^^^^^^^^^^^^^^^^^^^
  File "C:\Users\Liam\Python\py3.11.3\Lib\site-packages\flask\app.py", line 1486, in full_dispatch_request
    rv = self.handle_user_exception(e)
         ^^^^^^^^^^^^^^^^^^^^^^^^^^^^^
  File "C:\Users\Liam\Python\py3.11.3\Lib\site-packages\flask\app.py", line 1484, in full_dispatch_request
    rv = self.dispatch_request()
         ^^^^^^^^^^^^^^^^^^^^^^^
  File "C:\Users\Liam\Python\py3.11.3\Lib\site-packages\flask\app.py", line 1469, in dispatch_request
    return self.ensure_sync(self.view_functions[rule.endpoint])(**view_args)
           ^^^^^^^^^^^^^^^^^^^^^^^^^^^^^^^^^^^^^^^^^^^^^^^^^^^^^^^^^^^^^^^^^
  File "C:\Users\Liam\programmings filer\python\JK utbildnings intyg\main.py", line 267, in error
    raise Exception("Testing 500 error page")
Exception: Testing 500 error page
2025-08-29 21:44:55,429 [DEBUG] main: Rendering home page
2025-08-29 21:45:03,764 [WARNING] main: Page not found: /sdgfiobnwepgf
2025-08-29 21:45:03,798 [WARNING] main: Page not found: /favicon.ico
2025-08-29 21:45:05,564 [DEBUG] main: Rendering home page
